INFO:     Will watch for changes in these directories: ['/home/karibar/Documents/coding-projects/apps/study_tools/quizzer_repo_master_file/frontend-py']
INFO:     Uvicorn running on http://127.0.0.1:8000 (Press CTRL+C to quit)
INFO:     Started reloader process [7789] using WatchFiles
ERROR:    Error loading ASGI app. Could not import module "api".
INFO:     Will watch for changes in these directories: ['/home/karibar/Documents/coding-projects/apps/study_tools/quizzer_repo_master_file/frontend-py']
INFO:     Uvicorn running on http://127.0.0.1:8000 (Press CTRL+C to quit)
INFO:     Started reloader process [7812] using WatchFiles
ERROR:    Error loading ASGI app. Could not import module "api".
INFO:     Will watch for changes in these directories: ['/home/karibar/Documents/coding-projects/apps/study_tools/quizzer_repo_master_file/frontend-py']
INFO:     Uvicorn running on http://127.0.0.1:8000 (Press CTRL+C to quit)
INFO:     Started reloader process [7835] using WatchFiles
ERROR:    Error loading ASGI app. Could not import module "api".
INFO:     Will watch for changes in these directories: ['/home/karibar/Documents/coding-projects/apps/study_tools/quizzer_repo_master_file/frontend-py']
INFO:     Uvicorn running on http://127.0.0.1:8000 (Press CTRL+C to quit)
INFO:     Started reloader process [9241] using WatchFiles
ERROR:    Error loading ASGI app. Could not import module "api".
WARNING:  WatchFiles detected changes in 'main.py'. Reloading...
WARNING:  WatchFiles detected changes in 'main.py'. Reloading...
WARNING:  WatchFiles detected changes in 'main.py'. Reloading...
WARNING:  WatchFiles detected changes in 'main.py'. Reloading...
ERROR:    Error loading ASGI app. Could not import module "api".
WARNING:  WatchFiles detected changes in 'main.py'. Reloading...
ERROR:    Error loading ASGI app. Could not import module "api".
ERROR:    Error loading ASGI app. Could not import module "api".
ERROR:    Error loading ASGI app. Could not import module "api".
WARNING:  WatchFiles detected changes in 'main.py'. Reloading...
WARNING:  WatchFiles detected changes in 'main.py'. Reloading...
WARNING:  WatchFiles detected changes in 'main.py'. Reloading...
ERROR:    Error loading ASGI app. Could not import module "api".
ERROR:    Error loading ASGI app. Could not import module "api".
ERROR:    Error loading ASGI app. Could not import module "api".
ERROR:    Error loading ASGI app. Could not import module "api".
INFO:     Will watch for changes in these directories: ['/home/karibar/Documents/coding-projects/apps/study_tools/quizzer_repo_master_file/frontend-py']
INFO:     Uvicorn running on http://127.0.0.1:8000 (Press CTRL+C to quit)
INFO:     Started reloader process [9719] using WatchFiles
ERROR:    Error loading ASGI app. Could not import module "api".
WARNING:  WatchFiles detected changes in 'api_calls.py'. Reloading...
WARNING:  WatchFiles detected changes in 'api_calls.py'. Reloading...
WARNING:  WatchFiles detected changes in 'api_calls.py'. Reloading...
WARNING:  WatchFiles detected changes in 'api_calls.py'. Reloading...
WARNING:  WatchFiles detected changes in 'api_calls.py'. Reloading...
ERROR:    Error loading ASGI app. Could not import module "api".
ERROR:    Error loading ASGI app. Could not import module "api".
ERROR:    Error loading ASGI app. Could not import module "api".
ERROR:    Error loading ASGI app. Could not import module "api".
ERROR:    Error loading ASGI app. Could not import module "api".
WARNING:  WatchFiles detected changes in 'api_calls.py'. Reloading...
WARNING:  WatchFiles detected changes in 'api_calls.py'. Reloading...
WARNING:  WatchFiles detected changes in 'api_calls.py'. Reloading...
WARNING:  WatchFiles detected changes in 'api_calls.py'. Reloading...
WARNING:  WatchFiles detected changes in 'api_calls.py'. Reloading...
ERROR:    Error loading ASGI app. Could not import module "api".
ERROR:    Error loading ASGI app. Could not import module "api".
ERROR:    Error loading ASGI app. Could not import module "api".
ERROR:    Error loading ASGI app. Could not import module "api".
ERROR:    Error loading ASGI app. Could not import module "api".
WARNING:  WatchFiles detected changes in 'api_calls.py'. Reloading...
WARNING:  WatchFiles detected changes in 'api_calls.py'. Reloading...
WARNING:  WatchFiles detected changes in 'api_calls.py'. Reloading...
WARNING:  WatchFiles detected changes in 'api_calls.py'. Reloading...
WARNING:  WatchFiles detected changes in 'api_calls.py'. Reloading...
ERROR:    Error loading ASGI app. Could not import module "api".
ERROR:    Error loading ASGI app. Could not import module "api".
ERROR:    Error loading ASGI app. Could not import module "api".
ERROR:    Error loading ASGI app. Could not import module "api".
ERROR:    Error loading ASGI app. Could not import module "api".
WARNING:  WatchFiles detected changes in 'api_calls.py'. Reloading...
WARNING:  WatchFiles detected changes in 'api_calls.py'. Reloading...
WARNING:  WatchFiles detected changes in 'api_calls.py'. Reloading...
WARNING:  WatchFiles detected changes in 'api_calls.py'. Reloading...
WARNING:  WatchFiles detected changes in 'api_calls.py'. Reloading...
ERROR:    Error loading ASGI app. Could not import module "api".
ERROR:    Error loading ASGI app. Could not import module "api".
ERROR:    Error loading ASGI app. Could not import module "api".
ERROR:    Error loading ASGI app. Could not import module "api".
ERROR:    Error loading ASGI app. Could not import module "api".
WARNING:  WatchFiles detected changes in 'api_calls.py'. Reloading...
WARNING:  WatchFiles detected changes in 'api_calls.py'. Reloading...
WARNING:  WatchFiles detected changes in 'api_calls.py'. Reloading...
WARNING:  WatchFiles detected changes in 'api_calls.py'. Reloading...
WARNING:  WatchFiles detected changes in 'api_calls.py'. Reloading...
ERROR:    Error loading ASGI app. Could not import module "api".
ERROR:    Error loading ASGI app. Could not import module "api".
ERROR:    Error loading ASGI app. Could not import module "api".
ERROR:    Error loading ASGI app. Could not import module "api".
ERROR:    Error loading ASGI app. Could not import module "api".
WARNING:  WatchFiles detected changes in 'api_calls.py'. Reloading...
WARNING:  WatchFiles detected changes in 'api_calls.py'. Reloading...
WARNING:  WatchFiles detected changes in 'api_calls.py'. Reloading...
WARNING:  WatchFiles detected changes in 'api_calls.py'. Reloading...
WARNING:  WatchFiles detected changes in 'api_calls.py'. Reloading...
ERROR:    Error loading ASGI app. Could not import module "api".
ERROR:    Error loading ASGI app. Could not import module "api".
ERROR:    Error loading ASGI app. Could not import module "api".
ERROR:    Error loading ASGI app. Could not import module "api".
ERROR:    Error loading ASGI app. Could not import module "api".
WARNING:  WatchFiles detected changes in 'api_calls.py'. Reloading...
WARNING:  WatchFiles detected changes in 'api_calls.py'. Reloading...
WARNING:  WatchFiles detected changes in 'api_calls.py'. Reloading...
WARNING:  WatchFiles detected changes in 'api_calls.py'. Reloading...
WARNING:  WatchFiles detected changes in 'api_calls.py'. Reloading...
ERROR:    Error loading ASGI app. Could not import module "api".
ERROR:    Error loading ASGI app. Could not import module "api".
ERROR:    Error loading ASGI app. Could not import module "api".
ERROR:    Error loading ASGI app. Could not import module "api".
ERROR:    Error loading ASGI app. Could not import module "api".
WARNING:  WatchFiles detected changes in 'api_calls.py'. Reloading...
WARNING:  WatchFiles detected changes in 'api_calls.py'. Reloading...
WARNING:  WatchFiles detected changes in 'api_calls.py'. Reloading...
WARNING:  WatchFiles detected changes in 'api_calls.py'. Reloading...
WARNING:  WatchFiles detected changes in 'api_calls.py'. Reloading...
ERROR:    Error loading ASGI app. Could not import module "api".
ERROR:    Error loading ASGI app. Could not import module "api".
ERROR:    Error loading ASGI app. Could not import module "api".
ERROR:    Error loading ASGI app. Could not import module "api".
ERROR:    Error loading ASGI app. Could not import module "api".
WARNING:  WatchFiles detected changes in 'api_calls.py'. Reloading...
WARNING:  WatchFiles detected changes in 'api_calls.py'. Reloading...
WARNING:  WatchFiles detected changes in 'api_calls.py'. Reloading...
WARNING:  WatchFiles detected changes in 'api_calls.py'. Reloading...
WARNING:  WatchFiles detected changes in 'api_calls.py'. Reloading...
ERROR:    Error loading ASGI app. Could not import module "api".
ERROR:    Error loading ASGI app. Could not import module "api".
ERROR:    Error loading ASGI app. Could not import module "api".
ERROR:    Error loading ASGI app. Could not import module "api".
ERROR:    Error loading ASGI app. Could not import module "api".
WARNING:  WatchFiles detected changes in 'api_calls.py'. Reloading...
WARNING:  WatchFiles detected changes in 'api_calls.py'. Reloading...
WARNING:  WatchFiles detected changes in 'api_calls.py'. Reloading...
WARNING:  WatchFiles detected changes in 'api_calls.py'. Reloading...
WARNING:  WatchFiles detected changes in 'api_calls.py'. Reloading...
ERROR:    Error loading ASGI app. Could not import module "api".
ERROR:    Error loading ASGI app. Could not import module "api".
ERROR:    Error loading ASGI app. Could not import module "api".
ERROR:    Error loading ASGI app. Could not import module "api".
ERROR:    Error loading ASGI app. Could not import module "api".
WARNING:  WatchFiles detected changes in 'api_calls.py'. Reloading...
WARNING:  WatchFiles detected changes in 'api_calls.py'. Reloading...
WARNING:  WatchFiles detected changes in 'api_calls.py'. Reloading...
WARNING:  WatchFiles detected changes in 'api_calls.py'. Reloading...
WARNING:  WatchFiles detected changes in 'api_calls.py'. Reloading...
ERROR:    Error loading ASGI app. Could not import module "api".
ERROR:    Error loading ASGI app. Could not import module "api".
ERROR:    Error loading ASGI app. Could not import module "api".
ERROR:    Error loading ASGI app. Could not import module "api".
ERROR:    Error loading ASGI app. Could not import module "api".
WARNING:  WatchFiles detected changes in 'api_calls.py'. Reloading...
WARNING:  WatchFiles detected changes in 'api_calls.py'. Reloading...
WARNING:  WatchFiles detected changes in 'api_calls.py'. Reloading...
WARNING:  WatchFiles detected changes in 'api_calls.py'. Reloading...
WARNING:  WatchFiles detected changes in 'api_calls.py'. Reloading...
ERROR:    Error loading ASGI app. Could not import module "api".
ERROR:    Error loading ASGI app. Could not import module "api".
ERROR:    Error loading ASGI app. Could not import module "api".
ERROR:    Error loading ASGI app. Could not import module "api".
ERROR:    Error loading ASGI app. Could not import module "api".
WARNING:  WatchFiles detected changes in 'main.py'. Reloading...
WARNING:  WatchFiles detected changes in 'main.py'. Reloading...
WARNING:  WatchFiles detected changes in 'main.py'. Reloading...
WARNING:  WatchFiles detected changes in 'main.py'. Reloading...
WARNING:  WatchFiles detected changes in 'main.py'. Reloading...
ERROR:    Error loading ASGI app. Could not import module "api".
ERROR:    Error loading ASGI app. Could not import module "api".
ERROR:    Error loading ASGI app. Could not import module "api".
ERROR:    Error loading ASGI app. Could not import module "api".
ERROR:    Error loading ASGI app. Could not import module "api".
WARNING:  WatchFiles detected changes in 'api_calls.py'. Reloading...
WARNING:  WatchFiles detected changes in 'api_calls.py'. Reloading...
WARNING:  WatchFiles detected changes in 'api_calls.py'. Reloading...
WARNING:  WatchFiles detected changes in 'api_calls.py'. Reloading...
WARNING:  WatchFiles detected changes in 'api_calls.py'. Reloading...
ERROR:    Error loading ASGI app. Could not import module "api".
ERROR:    Error loading ASGI app. Could not import module "api".
ERROR:    Error loading ASGI app. Could not import module "api".
ERROR:    Error loading ASGI app. Could not import module "api".
ERROR:    Error loading ASGI app. Could not import module "api".
WARNING:  WatchFiles detected changes in 'api_calls.py'. Reloading...
WARNING:  WatchFiles detected changes in 'api_calls.py'. Reloading...
WARNING:  WatchFiles detected changes in 'api_calls.py'. Reloading...
WARNING:  WatchFiles detected changes in 'api_calls.py'. Reloading...
WARNING:  WatchFiles detected changes in 'api_calls.py'. Reloading...
ERROR:    Error loading ASGI app. Could not import module "api".
ERROR:    Error loading ASGI app. Could not import module "api".
ERROR:    Error loading ASGI app. Could not import module "api".
ERROR:    Error loading ASGI app. Could not import module "api".
ERROR:    Error loading ASGI app. Could not import module "api".
WARNING:  WatchFiles detected changes in 'main.py'. Reloading...
WARNING:  WatchFiles detected changes in 'main.py'. Reloading...
WARNING:  WatchFiles detected changes in 'main.py'. Reloading...
WARNING:  WatchFiles detected changes in 'main.py'. Reloading...
WARNING:  WatchFiles detected changes in 'main.py'. Reloading...
ERROR:    Error loading ASGI app. Could not import module "api".
ERROR:    Error loading ASGI app. Could not import module "api".
ERROR:    Error loading ASGI app. Could not import module "api".
ERROR:    Error loading ASGI app. Could not import module "api".
ERROR:    Error loading ASGI app. Could not import module "api".
WARNING:  WatchFiles detected changes in 'main.py'. Reloading...
WARNING:  WatchFiles detected changes in 'main.py'. Reloading...
WARNING:  WatchFiles detected changes in 'main.py'. Reloading...
WARNING:  WatchFiles detected changes in 'main.py'. Reloading...
WARNING:  WatchFiles detected changes in 'main.py'. Reloading...
ERROR:    Error loading ASGI app. Could not import module "api".
ERROR:    Error loading ASGI app. Could not import module "api".
ERROR:    Error loading ASGI app. Could not import module "api".
ERROR:    Error loading ASGI app. Could not import module "api".
ERROR:    Error loading ASGI app. Could not import module "api".
WARNING:  WatchFiles detected changes in 'main.py'. Reloading...
WARNING:  WatchFiles detected changes in 'main.py'. Reloading...
WARNING:  WatchFiles detected changes in 'main.py'. Reloading...
WARNING:  WatchFiles detected changes in 'main.py'. Reloading...
WARNING:  WatchFiles detected changes in 'main.py'. Reloading...
ERROR:    Error loading ASGI app. Could not import module "api".
ERROR:    Error loading ASGI app. Could not import module "api".
ERROR:    Error loading ASGI app. Could not import module "api".
ERROR:    Error loading ASGI app. Could not import module "api".
ERROR:    Error loading ASGI app. Could not import module "api".
WARNING:  WatchFiles detected changes in 'main.py'. Reloading...
WARNING:  WatchFiles detected changes in 'main.py'. Reloading...
WARNING:  WatchFiles detected changes in 'main.py'. Reloading...
WARNING:  WatchFiles detected changes in 'main.py'. Reloading...
WARNING:  WatchFiles detected changes in 'main.py'. Reloading...
ERROR:    Error loading ASGI app. Could not import module "api".
ERROR:    Error loading ASGI app. Could not import module "api".
ERROR:    Error loading ASGI app. Could not import module "api".
ERROR:    Error loading ASGI app. Could not import module "api".
ERROR:    Error loading ASGI app. Could not import module "api".
WARNING:  WatchFiles detected changes in 'main.py'. Reloading...
WARNING:  WatchFiles detected changes in 'main.py'. Reloading...
WARNING:  WatchFiles detected changes in 'main.py'. Reloading...
WARNING:  WatchFiles detected changes in 'main.py'. Reloading...
ERROR:    Error loading ASGI app. Could not import module "api".
ERROR:    Error loading ASGI app. Could not import module "api".
ERROR:    Error loading ASGI app. Could not import module "api".
ERROR:    Error loading ASGI app. Could not import module "api".
WARNING:  WatchFiles detected changes in 'main.py'. Reloading...
WARNING:  WatchFiles detected changes in 'main.py'. Reloading...
WARNING:  WatchFiles detected changes in 'main.py'. Reloading...
WARNING:  WatchFiles detected changes in 'main.py'. Reloading...
WARNING:  WatchFiles detected changes in 'main.py'. Reloading...
ERROR:    Error loading ASGI app. Could not import module "api".
ERROR:    Error loading ASGI app. Could not import module "api".
ERROR:    Error loading ASGI app. Could not import module "api".
ERROR:    Error loading ASGI app. Could not import module "api".
ERROR:    Error loading ASGI app. Could not import module "api".
WARNING:  WatchFiles detected changes in 'main.py'. Reloading...
WARNING:  WatchFiles detected changes in 'main.py'. Reloading...
WARNING:  WatchFiles detected changes in 'main.py'. Reloading...
WARNING:  WatchFiles detected changes in 'main.py'. Reloading...
WARNING:  WatchFiles detected changes in 'main.py'. Reloading...
ERROR:    Error loading ASGI app. Could not import module "api".
ERROR:    Error loading ASGI app. Could not import module "api".
ERROR:    Error loading ASGI app. Could not import module "api".
ERROR:    Error loading ASGI app. Could not import module "api".
ERROR:    Error loading ASGI app. Could not import module "api".
WARNING:  WatchFiles detected changes in 'main.py'. Reloading...
WARNING:  WatchFiles detected changes in 'main.py'. Reloading...
WARNING:  WatchFiles detected changes in 'main.py'. Reloading...
WARNING:  WatchFiles detected changes in 'main.py'. Reloading...
WARNING:  WatchFiles detected changes in 'main.py'. Reloading...
WARNING:  WatchFiles detected changes in 'main.py'. Reloading...
ERROR:    Error loading ASGI app. Could not import module "api".
ERROR:    Error loading ASGI app. Could not import module "api".
ERROR:    Error loading ASGI app. Could not import module "api".
ERROR:    Error loading ASGI app. Could not import module "api".
WARNING:  WatchFiles detected changes in 'main.py'. Reloading...
WARNING:  WatchFiles detected changes in 'main.py'. Reloading...
WARNING:  WatchFiles detected changes in 'main.py'. Reloading...
WARNING:  WatchFiles detected changes in 'main.py'. Reloading...
ERROR:    Error loading ASGI app. Could not import module "api".
ERROR:    Error loading ASGI app. Could not import module "api".
ERROR:    Error loading ASGI app. Could not import module "api".
ERROR:    Error loading ASGI app. Could not import module "api".
ERROR:    Error loading ASGI app. Could not import module "api".
INFO:     Will watch for changes in these directories: ['/home/karibar/Documents/coding-projects/apps/study_tools/quizzer_repo_master_file/frontend-py']
INFO:     Uvicorn running on http://127.0.0.1:8000 (Press CTRL+C to quit)
INFO:     Started reloader process [23557] using WatchFiles
ERROR:    Error loading ASGI app. Could not import module "api".
INFO:     Will watch for changes in these directories: ['/home/karibar/Documents/coding-projects/apps/study_tools/quizzer_repo_master_file/frontend-py']
INFO:     Uvicorn running on http://127.0.0.1:8000 (Press CTRL+C to quit)
INFO:     Started reloader process [23581] using WatchFiles
ERROR:    Error loading ASGI app. Could not import module "api".
INFO:     Will watch for changes in these directories: ['/home/karibar/Documents/coding-projects/apps/study_tools/quizzer_repo_master_file/frontend-py']
INFO:     Uvicorn running on http://127.0.0.1:8000 (Press CTRL+C to quit)
INFO:     Started reloader process [23602] using WatchFiles
ERROR:    Error loading ASGI app. Could not import module "api".
WARNING:  WatchFiles detected changes in 'main.py'. Reloading...
WARNING:  WatchFiles detected changes in 'main.py'. Reloading...
WARNING:  WatchFiles detected changes in 'main.py'. Reloading...
WARNING:  WatchFiles detected changes in 'main.py'. Reloading...
WARNING:  WatchFiles detected changes in 'main.py'. Reloading...
WARNING:  WatchFiles detected changes in 'main.py'. Reloading...
WARNING:  WatchFiles detected changes in 'main.py'. Reloading...
WARNING:  WatchFiles detected changes in 'main.py'. Reloading...
ERROR:    Error loading ASGI app. Could not import module "api".
ERROR:    Error loading ASGI app. Could not import module "api".
ERROR:    Error loading ASGI app. Could not import module "api".
ERROR:    Error loading ASGI app. Could not import module "api".
ERROR:    Error loading ASGI app. Could not import module "api".
ERROR:    Error loading ASGI app. Could not import module "api".
ERROR:    Error loading ASGI app. Could not import module "api".
ERROR:    Error loading ASGI app. Could not import module "api".
INFO:     Will watch for changes in these directories: ['/home/karibar/Documents/coding-projects/apps/study_tools/quizzer_repo_master_file/frontend-py']
INFO:     Uvicorn running on http://127.0.0.1:8000 (Press CTRL+C to quit)
INFO:     Started reloader process [23782] using WatchFiles
ERROR:    Error loading ASGI app. Could not import module "api".
WARNING:  WatchFiles detected changes in 'main.py'. Reloading...
WARNING:  WatchFiles detected changes in 'main.py'. Reloading...
WARNING:  WatchFiles detected changes in 'main.py'. Reloading...
WARNING:  WatchFiles detected changes in 'main.py'. Reloading...
WARNING:  WatchFiles detected changes in 'main.py'. Reloading...
WARNING:  WatchFiles detected changes in 'main.py'. Reloading...
WARNING:  WatchFiles detected changes in 'main.py'. Reloading...
WARNING:  WatchFiles detected changes in 'main.py'. Reloading...
WARNING:  WatchFiles detected changes in 'main.py'. Reloading...
ERROR:    Error loading ASGI app. Could not import module "api".
ERROR:    Error loading ASGI app. Could not import module "api".
ERROR:    Error loading ASGI app. Could not import module "api".
ERROR:    Error loading ASGI app. Could not import module "api".
ERROR:    Error loading ASGI app. Could not import module "api".
ERROR:    Error loading ASGI app. Could not import module "api".
ERROR:    Error loading ASGI app. Could not import module "api".
ERROR:    Error loading ASGI app. Could not import module "api".
ERROR:    Error loading ASGI app. Could not import module "api".
WARNING:  WatchFiles detected changes in 'main.py'. Reloading...
WARNING:  WatchFiles detected changes in 'main.py'. Reloading...
WARNING:  WatchFiles detected changes in 'main.py'. Reloading...
WARNING:  WatchFiles detected changes in 'main.py'. Reloading...
WARNING:  WatchFiles detected changes in 'main.py'. Reloading...
WARNING:  WatchFiles detected changes in 'main.py'. Reloading...
WARNING:  WatchFiles detected changes in 'main.py'. Reloading...
WARNING:  WatchFiles detected changes in 'main.py'. Reloading...
WARNING:  WatchFiles detected changes in 'main.py'. Reloading...
ERROR:    Error loading ASGI app. Could not import module "api".
ERROR:    Error loading ASGI app. Could not import module "api".
ERROR:    Error loading ASGI app. Could not import module "api".
ERROR:    Error loading ASGI app. Could not import module "api".
ERROR:    Error loading ASGI app. Could not import module "api".
ERROR:    Error loading ASGI app. Could not import module "api".
ERROR:    Error loading ASGI app. Could not import module "api".
ERROR:    Error loading ASGI app. Could not import module "api".
ERROR:    Error loading ASGI app. Could not import module "api".
INFO:     Will watch for changes in these directories: ['/home/karibar/Documents/coding-projects/apps/study_tools/quizzer_repo_master_file/frontend-py']
INFO:     Uvicorn running on http://127.0.0.1:8000 (Press CTRL+C to quit)
INFO:     Started reloader process [23997] using WatchFiles
ERROR:    Error loading ASGI app. Could not import module "api".
WARNING:  WatchFiles detected changes in 'api_calls.py'. Reloading...
WARNING:  WatchFiles detected changes in 'api_calls.py'. Reloading...
WARNING:  WatchFiles detected changes in 'api_calls.py'. Reloading...
WARNING:  WatchFiles detected changes in 'api_calls.py'. Reloading...
WARNING:  WatchFiles detected changes in 'api_calls.py'. Reloading...
WARNING:  WatchFiles detected changes in 'api_calls.py'. Reloading...
WARNING:  WatchFiles detected changes in 'api_calls.py'. Reloading...
WARNING:  WatchFiles detected changes in 'api_calls.py'. Reloading...
WARNING:  WatchFiles detected changes in 'api_calls.py'. Reloading...
WARNING:  WatchFiles detected changes in 'api_calls.py'. Reloading...
ERROR:    Error loading ASGI app. Could not import module "api".
ERROR:    Error loading ASGI app. Could not import module "api".
ERROR:    Error loading ASGI app. Could not import module "api".
ERROR:    Error loading ASGI app. Could not import module "api".
ERROR:    Error loading ASGI app. Could not import module "api".
ERROR:    Error loading ASGI app. Could not import module "api".
ERROR:    Error loading ASGI app. Could not import module "api".
ERROR:    Error loading ASGI app. Could not import module "api".
ERROR:    Error loading ASGI app. Could not import module "api".
ERROR:    Error loading ASGI app. Could not import module "api".
INFO:     Will watch for changes in these directories: ['/home/karibar/Documents/coding-projects/apps/study_tools/quizzer_repo_master_file/frontend-py']
INFO:     Uvicorn running on http://127.0.0.1:8000 (Press CTRL+C to quit)
INFO:     Started reloader process [24172] using WatchFiles
ERROR:    Error loading ASGI app. Could not import module "api".
INFO:     Will watch for changes in these directories: ['/home/karibar/Documents/coding-projects/apps/study_tools/quizzer_repo_master_file/frontend-py']
INFO:     Uvicorn running on http://127.0.0.1:8000 (Press CTRL+C to quit)
INFO:     Started reloader process [24261] using WatchFiles
ERROR:    Error loading ASGI app. Could not import module "api".
INFO:     Will watch for changes in these directories: ['/home/karibar/Documents/coding-projects/apps/study_tools/quizzer_repo_master_file/frontend-py']
INFO:     Uvicorn running on http://127.0.0.1:8000 (Press CTRL+C to quit)
INFO:     Started reloader process [24806] using WatchFiles
INFO:     Will watch for changes in these directories: ['/home/karibar/Documents/coding-projects/apps/study_tools/quizzer_repo_master_file/frontend-py']
INFO:     Uvicorn running on http://127.0.0.1:8000 (Press CTRL+C to quit)
INFO:     Started reloader process [24807] using WatchFiles
ERROR:    Error loading ASGI app. Could not import module "api".
ERROR:    Error loading ASGI app. Could not import module "api".
INFO:     Will watch for changes in these directories: ['/home/karibar/Documents/coding-projects/apps/study_tools/quizzer_repo_master_file/frontend-py']
INFO:     Uvicorn running on http://127.0.0.1:8000 (Press CTRL+C to quit)
INFO:     Started reloader process [24832] using WatchFiles
INFO:     Will watch for changes in these directories: ['/home/karibar/Documents/coding-projects/apps/study_tools/quizzer_repo_master_file/frontend-py']
INFO:     Uvicorn running on http://127.0.0.1:8000 (Press CTRL+C to quit)
INFO:     Started reloader process [24831] using WatchFiles
ERROR:    Error loading ASGI app. Could not import module "api".
ERROR:    Error loading ASGI app. Could not import module "api".
INFO:     Will watch for changes in these directories: ['/home/karibar/Documents/coding-projects/apps/study_tools/quizzer_repo_master_file/frontend-py']
INFO:     Uvicorn running on http://127.0.0.1:8000 (Press CTRL+C to quit)
INFO:     Started reloader process [24971] using WatchFiles
INFO:     Will watch for changes in these directories: ['/home/karibar/Documents/coding-projects/apps/study_tools/quizzer_repo_master_file/frontend-py']
INFO:     Uvicorn running on http://127.0.0.1:8000 (Press CTRL+C to quit)
INFO:     Started reloader process [24970] using WatchFiles
ERROR:    Error loading ASGI app. Could not import module "api".
ERROR:    Error loading ASGI app. Could not import module "api".
INFO:     Will watch for changes in these directories: ['/home/karibar/Documents/coding-projects/apps/study_tools/quizzer_repo_master_file/frontend-py']
INFO:     Uvicorn running on http://127.0.0.1:8000 (Press CTRL+C to quit)
INFO:     Started reloader process [25018] using WatchFiles
INFO:     Will watch for changes in these directories: ['/home/karibar/Documents/coding-projects/apps/study_tools/quizzer_repo_master_file/frontend-py']
INFO:     Uvicorn running on http://127.0.0.1:8000 (Press CTRL+C to quit)
INFO:     Started reloader process [25019] using WatchFiles
ERROR:    Error loading ASGI app. Could not import module "api".
ERROR:    Error loading ASGI app. Could not import module "api".
INFO:     Will watch for changes in these directories: ['/home/karibar/Documents/coding-projects/apps/study_tools/quizzer_repo_master_file/frontend-py']
INFO:     Uvicorn running on http://127.0.0.1:8000 (Press CTRL+C to quit)
INFO:     Started reloader process [25044] using WatchFiles
INFO:     Will watch for changes in these directories: ['/home/karibar/Documents/coding-projects/apps/study_tools/quizzer_repo_master_file/frontend-py']
INFO:     Uvicorn running on http://127.0.0.1:8000 (Press CTRL+C to quit)
INFO:     Started reloader process [25045] using WatchFiles
ERROR:    Error loading ASGI app. Could not import module "api".
ERROR:    Error loading ASGI app. Could not import module "api".
INFO:     Will watch for changes in these directories: ['/home/karibar/Documents/coding-projects/apps/study_tools/quizzer_repo_master_file/frontend-py']
INFO:     Uvicorn running on http://127.0.0.1:8000 (Press CTRL+C to quit)
INFO:     Started reloader process [25074] using WatchFiles
INFO:     Will watch for changes in these directories: ['/home/karibar/Documents/coding-projects/apps/study_tools/quizzer_repo_master_file/frontend-py']
INFO:     Uvicorn running on http://127.0.0.1:8000 (Press CTRL+C to quit)
INFO:     Started reloader process [25075] using WatchFiles
ERROR:    Error loading ASGI app. Could not import module "api".
ERROR:    Error loading ASGI app. Could not import module "api".
INFO:     Will watch for changes in these directories: ['/home/karibar/Documents/coding-projects/apps/study_tools/quizzer_repo_master_file/frontend-py']
INFO:     Uvicorn running on http://127.0.0.1:8000 (Press CTRL+C to quit)
INFO:     Started reloader process [25117] using WatchFiles
INFO:     Will watch for changes in these directories: ['/home/karibar/Documents/coding-projects/apps/study_tools/quizzer_repo_master_file/frontend-py']
INFO:     Uvicorn running on http://127.0.0.1:8000 (Press CTRL+C to quit)
INFO:     Started reloader process [25116] using WatchFiles
ERROR:    Error loading ASGI app. Could not import module "api".
ERROR:    Error loading ASGI app. Could not import module "api".
INFO:     Will watch for changes in these directories: ['/home/karibar/Documents/coding-projects/apps/study_tools/quizzer_repo_master_file/frontend-py']
INFO:     Uvicorn running on http://127.0.0.1:8000 (Press CTRL+C to quit)
INFO:     Started reloader process [25531] using WatchFiles
INFO:     Will watch for changes in these directories: ['/home/karibar/Documents/coding-projects/apps/study_tools/quizzer_repo_master_file/frontend-py']
INFO:     Uvicorn running on http://127.0.0.1:8000 (Press CTRL+C to quit)
INFO:     Started reloader process [25532] using WatchFiles
ERROR:    Error loading ASGI app. Could not import module "api".
ERROR:    Error loading ASGI app. Could not import module "api".
WARNING:  WatchFiles detected changes in 'main.py'. Reloading...
WARNING:  WatchFiles detected changes in 'main.py'. Reloading...
WARNING:  WatchFiles detected changes in 'main.py'. Reloading...
WARNING:  WatchFiles detected changes in 'main.py'. Reloading...
WARNING:  WatchFiles detected changes in 'main.py'. Reloading...
WARNING:  WatchFiles detected changes in 'main.py'. Reloading...
WARNING:  WatchFiles detected changes in 'main.py'. Reloading...
WARNING:  WatchFiles detected changes in 'main.py'. Reloading...
WARNING:  WatchFiles detected changes in 'main.py'. Reloading...
WARNING:  WatchFiles detected changes in 'main.py'. Reloading...
WARNING:  WatchFiles detected changes in 'main.py'. Reloading...
WARNING:  WatchFiles detected changes in 'main.py'. Reloading...
WARNING:  WatchFiles detected changes in 'main.py'. Reloading...
WARNING:  WatchFiles detected changes in 'main.py'. Reloading...
WARNING:  WatchFiles detected changes in 'main.py'. Reloading...
WARNING:  WatchFiles detected changes in 'main.py'. Reloading...
WARNING:  WatchFiles detected changes in 'main.py'. Reloading...
WARNING:  WatchFiles detected changes in 'main.py'. Reloading...
WARNING:  WatchFiles detected changes in 'main.py'. Reloading...
WARNING:  WatchFiles detected changes in 'main.py'. Reloading...
WARNING:  WatchFiles detected changes in 'main.py'. Reloading...
WARNING:  WatchFiles detected changes in 'main.py'. Reloading...
WARNING:  WatchFiles detected changes in 'main.py'. Reloading...
WARNING:  WatchFiles detected changes in 'main.py'. Reloading...
WARNING:  WatchFiles detected changes in 'main.py'. Reloading...
WARNING:  WatchFiles detected changes in 'main.py'. Reloading...
WARNING:  WatchFiles detected changes in 'main.py'. Reloading...
WARNING:  WatchFiles detected changes in 'main.py'. Reloading...
ERROR:    Error loading ASGI app. Could not import module "api".
ERROR:    Error loading ASGI app. Could not import module "api".
ERROR:    Error loading ASGI app. Could not import module "api".
ERROR:    Error loading ASGI app. Could not import module "api".
ERROR:    Error loading ASGI app. Could not import module "api".
ERROR:    Error loading ASGI app. Could not import module "api".
ERROR:    Error loading ASGI app. Could not import module "api".
ERROR:    Error loading ASGI app. Could not import module "api".
ERROR:    Error loading ASGI app. Could not import module "api".
ERROR:    Error loading ASGI app. Could not import module "api".
ERROR:    Error loading ASGI app. Could not import module "api".
ERROR:    Error loading ASGI app. Could not import module "api".
ERROR:    Error loading ASGI app. Could not import module "api".
ERROR:    Error loading ASGI app. Could not import module "api".
ERROR:    Error loading ASGI app. Could not import module "api".
ERROR:    Error loading ASGI app. Could not import module "api".
ERROR:    Error loading ASGI app. Could not import module "api".
ERROR:    Error loading ASGI app. Could not import module "api".
ERROR:    Error loading ASGI app. Could not import module "api".
ERROR:    Error loading ASGI app. Could not import module "api".
ERROR:    Error loading ASGI app. Could not import module "api".
ERROR:    Error loading ASGI app. Could not import module "api".
ERROR:    Error loading ASGI app. Could not import module "api".
ERROR:    Error loading ASGI app. Could not import module "api".
ERROR:    Error loading ASGI app. Could not import module "api".
ERROR:    Error loading ASGI app. Could not import module "api".
ERROR:    Error loading ASGI app. Could not import module "api".
ERROR:    Error loading ASGI app. Could not import module "api".
WARNING:  WatchFiles detected changes in 'main.py'. Reloading...
WARNING:  WatchFiles detected changes in 'main.py'. Reloading...
WARNING:  WatchFiles detected changes in 'main.py'. Reloading...
WARNING:  WatchFiles detected changes in 'main.py'. Reloading...
WARNING:  WatchFiles detected changes in 'main.py'. Reloading...
WARNING:  WatchFiles detected changes in 'main.py'. Reloading...
WARNING:  WatchFiles detected changes in 'main.py'. Reloading...
WARNING:  WatchFiles detected changes in 'main.py'. Reloading...
WARNING:  WatchFiles detected changes in 'main.py'. Reloading...
WARNING:  WatchFiles detected changes in 'main.py'. Reloading...
WARNING:  WatchFiles detected changes in 'main.py'. Reloading...
WARNING:  WatchFiles detected changes in 'main.py'. Reloading...
WARNING:  WatchFiles detected changes in 'main.py'. Reloading...
WARNING:  WatchFiles detected changes in 'main.py'. Reloading...
WARNING:  WatchFiles detected changes in 'main.py'. Reloading...
WARNING:  WatchFiles detected changes in 'main.py'. Reloading...
WARNING:  WatchFiles detected changes in 'main.py'. Reloading...
WARNING:  WatchFiles detected changes in 'main.py'. Reloading...
WARNING:  WatchFiles detected changes in 'main.py'. Reloading...
WARNING:  WatchFiles detected changes in 'main.py'. Reloading...
WARNING:  WatchFiles detected changes in 'main.py'. Reloading...
WARNING:  WatchFiles detected changes in 'main.py'. Reloading...
WARNING:  WatchFiles detected changes in 'main.py'. Reloading...
WARNING:  WatchFiles detected changes in 'main.py'. Reloading...
WARNING:  WatchFiles detected changes in 'main.py'. Reloading...
WARNING:  WatchFiles detected changes in 'main.py'. Reloading...
WARNING:  WatchFiles detected changes in 'main.py'. Reloading...
WARNING:  WatchFiles detected changes in 'main.py'. Reloading...
ERROR:    Error loading ASGI app. Could not import module "api".
ERROR:    Error loading ASGI app. Could not import module "api".
ERROR:    Error loading ASGI app. Could not import module "api".
ERROR:    Error loading ASGI app. Could not import module "api".
ERROR:    Error loading ASGI app. Could not import module "api".
ERROR:    Error loading ASGI app. Could not import module "api".
ERROR:    Error loading ASGI app. Could not import module "api".
ERROR:    Error loading ASGI app. Could not import module "api".
ERROR:    Error loading ASGI app. Could not import module "api".
ERROR:    Error loading ASGI app. Could not import module "api".
ERROR:    Error loading ASGI app. Could not import module "api".
ERROR:    Error loading ASGI app. Could not import module "api".
ERROR:    Error loading ASGI app. Could not import module "api".
ERROR:    Error loading ASGI app. Could not import module "api".
ERROR:    Error loading ASGI app. Could not import module "api".
ERROR:    Error loading ASGI app. Could not import module "api".
ERROR:    Error loading ASGI app. Could not import module "api".
ERROR:    Error loading ASGI app. Could not import module "api".
ERROR:    Error loading ASGI app. Could not import module "api".
ERROR:    Error loading ASGI app. Could not import module "api".
ERROR:    Error loading ASGI app. Could not import module "api".
ERROR:    Error loading ASGI app. Could not import module "api".
ERROR:    Error loading ASGI app. Could not import module "api".
ERROR:    Error loading ASGI app. Could not import module "api".
ERROR:    Error loading ASGI app. Could not import module "api".
ERROR:    Error loading ASGI app. Could not import module "api".
ERROR:    Error loading ASGI app. Could not import module "api".
ERROR:    Error loading ASGI app. Could not import module "api".
WARNING:  WatchFiles detected changes in 'main.py'. Reloading...
WARNING:  WatchFiles detected changes in 'main.py'. Reloading...
WARNING:  WatchFiles detected changes in 'main.py'. Reloading...
WARNING:  WatchFiles detected changes in 'main.py'. Reloading...
WARNING:  WatchFiles detected changes in 'main.py'. Reloading...
WARNING:  WatchFiles detected changes in 'main.py'. Reloading...
WARNING:  WatchFiles detected changes in 'main.py'. Reloading...
WARNING:  WatchFiles detected changes in 'main.py'. Reloading...
WARNING:  WatchFiles detected changes in 'main.py'. Reloading...
WARNING:  WatchFiles detected changes in 'main.py'. Reloading...
WARNING:  WatchFiles detected changes in 'main.py'. Reloading...
WARNING:  WatchFiles detected changes in 'main.py'. Reloading...
WARNING:  WatchFiles detected changes in 'main.py'. Reloading...
WARNING:  WatchFiles detected changes in 'main.py'. Reloading...
WARNING:  WatchFiles detected changes in 'main.py'. Reloading...
WARNING:  WatchFiles detected changes in 'main.py'. Reloading...
WARNING:  WatchFiles detected changes in 'main.py'. Reloading...
WARNING:  WatchFiles detected changes in 'main.py'. Reloading...
WARNING:  WatchFiles detected changes in 'main.py'. Reloading...
WARNING:  WatchFiles detected changes in 'main.py'. Reloading...
WARNING:  WatchFiles detected changes in 'main.py'. Reloading...
WARNING:  WatchFiles detected changes in 'main.py'. Reloading...
WARNING:  WatchFiles detected changes in 'main.py'. Reloading...
WARNING:  WatchFiles detected changes in 'main.py'. Reloading...
WARNING:  WatchFiles detected changes in 'main.py'. Reloading...
WARNING:  WatchFiles detected changes in 'main.py'. Reloading...
WARNING:  WatchFiles detected changes in 'main.py'. Reloading...
WARNING:  WatchFiles detected changes in 'main.py'. Reloading...
ERROR:    Error loading ASGI app. Could not import module "api".
ERROR:    Error loading ASGI app. Could not import module "api".
ERROR:    Error loading ASGI app. Could not import module "api".
ERROR:    Error loading ASGI app. Could not import module "api".
ERROR:    Error loading ASGI app. Could not import module "api".
ERROR:    Error loading ASGI app. Could not import module "api".
ERROR:    Error loading ASGI app. Could not import module "api".
ERROR:    Error loading ASGI app. Could not import module "api".
ERROR:    Error loading ASGI app. Could not import module "api".
ERROR:    Error loading ASGI app. Could not import module "api".
ERROR:    Error loading ASGI app. Could not import module "api".
ERROR:    Error loading ASGI app. Could not import module "api".
ERROR:    Error loading ASGI app. Could not import module "api".
ERROR:    Error loading ASGI app. Could not import module "api".
ERROR:    Error loading ASGI app. Could not import module "api".
ERROR:    Error loading ASGI app. Could not import module "api".
ERROR:    Error loading ASGI app. Could not import module "api".
ERROR:    Error loading ASGI app. Could not import module "api".
ERROR:    Error loading ASGI app. Could not import module "api".
ERROR:    Error loading ASGI app. Could not import module "api".
ERROR:    Error loading ASGI app. Could not import module "api".
ERROR:    Error loading ASGI app. Could not import module "api".
ERROR:    Error loading ASGI app. Could not import module "api".
ERROR:    Error loading ASGI app. Could not import module "api".
ERROR:    Error loading ASGI app. Could not import module "api".
ERROR:    Error loading ASGI app. Could not import module "api".
ERROR:    Error loading ASGI app. Could not import module "api".
ERROR:    Error loading ASGI app. Could not import module "api".
